CFE_PSP: Default Reset Type = PO
CFE_PSP: Default Reset SubType = 1
CFE_PSP: Default CPU ID = 1
CFE_PSP: Default Spacecraft ID = 66
CFE_PSP: Default CPU Name: CPU1
CFE_PSP: Starting the cFE with a POWER ON reset.
CFE_PSP: Clearing out CFE CDS Shared memory segment.
CFE_PSP: Clearing out CFE Reset Shared memory segment.
CFE_PSP: Clearing out CFE User Reserved Shared memory segment.
2026-104-21:43:22.88897 POWER ON RESET due to Power Cycle (Power Cycle).
2026-104-21:43:22.88908 ES Startup: CFE_ES_Main in EARLY_INIT state
CFE_PSP: CFE_PSP_AttachExceptions Called
2026-104-21:43:22.88928 ES Startup: CFE_ES_Main entering CORE_STARTUP state
2026-104-21:43:22.88932 ES Startup: Starting Object Creation calls.
2026-104-21:43:22.88935 ES Startup: Calling CFE_ES_CDSEarlyInit
2026-104-21:43:22.89002 ES Startup: Calling CFE_EVS_EarlyInit
2026-104-21:43:22.89017 Event Log cleared following power-on reset
2026-104-21:43:22.89021 ES Startup: Calling CFE_SB_EarlyInit
2026-104-21:43:22.89069 ES Startup: Calling CFE_TIME_EarlyInit
1980-012-14:03:20.00001 ES Startup: Calling CFE_TBL_EarlyInit
1980-012-14:03:20.00120 ES Startup: Calling CFE_FS_EarlyInit
1980-012-14:03:20.00246 ES Startup: Core App: CFE_EVS created. App ID: 0
EVS Port1 66/1/CFE_EVS 14: No subscribers for MsgId 0x808,sender CFE_EVS
EVS Port1 66/1/CFE_EVS 1: cFE EVS Initialized. cFE Version 6.4.2.0
1980-012-14:03:20.05309 ES Startup: Core App: CFE_SB created. App ID: 1
1980-012-14:03:20.05325 SB:Registered 4 events for filtering
EVS Port1 66/1/CFE_SB 14: No subscribers for MsgId 0x808,sender CFE_SB
EVS Port1 66/1/CFE_SB 1: cFE SB Initialized
1980-012-14:03:20.10367 ES Startup: Core App: CFE_ES created. App ID: 2
EVS Port1 66/1/CFE_SB 14: No subscribers for MsgId 0x808,sender CFE_ES
EVS Port1 66/1/CFE_ES 1: cFE ES Initialized
EVS Port1 66/1/CFE_SB 14: No subscribers for MsgId 0x808,sender CFE_ES
EVS Port1 66/1/CFE_ES 2: Versions:cFE 6.4.2.0, OSAL 4.1.1.0, PSP 0.0.0.0, chksm 44360
1980-012-14:03:20.15428 ES Startup: Core App: CFE_TIME created. App ID: 3
EVS Port1 66/1/CFE_SB 14: No subscribers for MsgId 0x808,sender CFE_TIME
EVS Port1 66/1/CFE_TIME 1: cFE TIME Initialized
1980-012-14:03:20.20484 ES Startup: Core App: CFE_TBL created. App ID: 4
EVS Port1 66/1/CFE_TBL 1: cFE TBL Initialized.  cFE Version 6.4.2.0
1980-012-14:03:20.25498 ES Startup: Finished ES CreateObject table entries.
1980-012-14:03:20.25505 ES Startup: CFE_ES_Main entering CORE_READY state
1980-012-14:03:20.26553 ES Startup: Opened ES App Startup file: /cf/apps/cfe_es_startup.scr
1980-012-14:03:20.26707 ES Startup: Loading file: /cf/apps/sch_lab.so, APP: SCH_LAB_APP
1980-012-14:03:20.27813 ES Startup: SCH_LAB_APP loaded and created
1980-012-14:03:20.27864 ES Startup: Loading file: /cf/apps/ads1115.so, APP: ADS1115_APP
SCH Lab Initialized.  Version 2.1.0.0
1980-012-14:03:20.28315 ES Startup: ADS1115_APP loaded and created
1980-012-14:03:20.28385 ES Startup: Loading file: /cf/apps/vc0706.so, APP: VC0706_APP
EVS Port1 66/1/ADS1115_APP 4: ADS1115: RESET command
EVS Port1 66/1/ADS1115_APP 8: ADC Child Task initialization info: create task complete: result = 0
EVS Port1 66/1/ADS1115_APP 1: ADS1115 App Initialized. Version 0.0.0.0
EVS Port1 66/1/ADS1115_APP 8: ADS1115 Child Task initialization complete
1980-012-14:03:20.29105 ES Startup: VC0706_APP loaded and created
1980-012-14:03:20.29157 ES Startup: Loading file: /cf/apps/tim_app.so, APP: TIM_APP
EVS Port1 66/1/VC0706_APP 4: VC0706: RESET command
EVS Port1 66/1/VC0706_APP 8: VC0706 Child Task initialization info: create task complete: result = 0
EVS Port1 66/1/VC0706_APP 1: VC0706 App Initialized. Version 0.0.0.0
EVS Port1 66/1/VC0706_APP 8: VC0706 Child Task initialization complete
1980-012-14:03:20.30251 ES Startup: TIM_APP loaded and created
EVS Port1 66/1/TIM_APP 4: TIM: RESET command
EVS Port1 66/1/TIM_APP 10: Parallel Power Flag Set
EVS Port1 66/1/TIM_APP 11: Parallel TE-1 Flag Initialized Low
EVS Port1 66/1/TIM_APP 11: Parallel TE-1 Flag Cleared
TIM_APP: Attempting to set reboot timer to 345000000 microseconds.
EVS Port1 66/1/TIM_APP 1: TIM App Initialized. Version 1.0.0.0
1980-012-14:03:20.35289 ES Startup: CFE_ES_Main entering OPERATIONAL state
EVS Port1 66/1/VC0706_APP 9: Camera 1 unresponsive! R[0] = [0] R[1] = [76] R[2] = [0]
Failed communication to Camera.
EVS Port1 66/1/VC0706_APP 9: Camera 0 unresponsive! R[0] = [b] R[1] = [56] R[2] = [43]
Failed communication to Camera.
EVS Port1 66/1/VC0706_APP 9: Camera 1 unresponsive! R[0] = [30] R[1] = [33] R[2] = [20]
Failed communication to Camera.
EVS Port1 66/1/ADS1115_APP 11: Temp File '001_t_00001.csv':{04C2, 7FFF, 7FFF, 7FFF, }
EVS Port1 66/1/TIM_APP 8: Temps File '/ram/temps/001_t_00001.csv' Sent Successfully
EVS Port1 66/1/TIM_APP 8: TIM: Send Temps File Command Received
EVS Port1 66/1/ADS1115_APP 11: ADS1115 Message sent to TIM.
EVS Port1 66/1/VC0706_APP 9: Camera 0 unresponsive! R[0] = [30] R[1] = [30] R[2] = [20]
Failed communication to Camera.
EVS Port1 66/1/CFE_TIME 21: Stop FLYWHEEL
EVS Port1 66/1/VC0706_APP 10: Camera 1 stored as </ram/images/001_1_0001.jpg>
EVS Port1 66/1/VC0706_APP 10: Message sent to TIM from VC0706.
EVS Port1 66/1/ADS1115_APP 11: Temp File '001_t_00002.csv':{04C4, 7FFF, 7FFF, 7FFF, }
EVS Port1 66/1/ADS1115_APP 11: ADS1115 Message sent to TIM.
EVS Port1 66/1/VC0706_APP 9: Camera 0 unresponsive! R[0] = [6d6f7266] R[1] = [30435620] R[2] = [2e363037]
Failed communication to Camera.
EVS Port1 66/1/TIM_APP 7: Image File '/ram/images/001_1_0001.jpg' Sent Successfully
EVS Port1 66/1/TIM_APP 7: TIM: Send Camera 1 File Command Received
EVS Port1 66/1/TIM_APP 8: Temps File '/ram/temps/001_t_00002.csv' Sent Successfully
EVS Port1 66/1/TIM_APP 8: TIM: Send Temps File Command Received
EVS Port1 66/1/VC0706_APP 10: Camera 1 stored as </ram/images/001_1_0002.jpg>
EVS Port1 66/1/VC0706_APP 10: Message sent to TIM from VC0706.
EVS Port1 66/1/ADS1115_APP 11: Temp File '001_t_00003.csv':{04C2, 7FFF, 7FFF, 7FFF, }
EVS Port1 66/1/ADS1115_APP 11: ADS1115 Message sent to TIM.
EVS Port1 66/1/VC0706_APP 9: Camera 0 unresponsive! R[0] = [0] R[1] = [30435620] R[2] = [2e363037]
Failed communication to Camera.
EVS Port1 66/1/VC0706_APP 10: Camera 1 stored as </ram/images/001_1_0003.jpg>
EVS Port1 66/1/VC0706_APP 10: Message sent to TIM from VC0706.
EVS Port1 66/1/TIM_APP 7: Image File '/ram/images/001_1_0002.jpg' Sent Successfully
EVS Port1 66/1/TIM_APP 7: TIM: Send Camera 1 File Command Received
EVS Port1 66/1/TIM_APP 8: Temps File '/ram/temps/001_t_00003.csv' Sent Successfully
EVS Port1 66/1/TIM_APP 8: TIM: Send Temps File Command Received
EVS Port1 66/1/VC0706_APP 9: Camera 0 unresponsive! R[0] = [0] R[1] = [30435620] R[2] = [2e363037]
Failed communication to Camera.
EVS Port1 66/1/ADS1115_APP 11: Temp File '001_t_00004.csv':{04C4, 7FFF, 7FFF, 7FFF, }
EVS Port1 66/1/ADS1115_APP 11: ADS1115 Message sent to TIM.
EVS Port1 66/1/VC0706_APP 10: Camera 1 stored as </ram/images/001_1_0004.jpg>
EVS Port1 66/1/VC0706_APP 10: Message sent to TIM from VC0706.
EVS Port1 66/1/VC0706_APP 9: Camera 0 unresponsive! R[0] = [0] R[1] = [30435620] R[2] = [2e363037]
Failed communication to Camera.
EVS Port1 66/1/ADS1115_APP 11: Temp File '001_t_00005.csv':{04C4, 7FFF, 7FFF, 7FFF, }
EVS Port1 66/1/ADS1115_APP 11: ADS1115 Message sent to TIM.
EVS Port1 66/1/TIM_APP 7: Image File '/ram/images/001_1_0003.jpg' Sent Successfully
EVS Port1 66/1/TIM_APP 7: TIM: Send Camera 1 File Command Received
EVS Port1 66/1/TIM_APP 8: Temps File '/ram/temps/001_t_00004.csv' Sent Successfully
EVS Port1 66/1/TIM_APP 8: TIM: Send Temps File Command Received
EVS Port1 66/1/VC0706_APP 10: Camera 1 stored as </ram/images/001_1_0005.jpg>
EVS Port1 66/1/VC0706_APP 10: Message sent to TIM from VC0706.
EVS Port1 66/1/VC0706_APP 9: Camera 0 unresponsive! R[0] = [0] R[1] = [30435620] R[2] = [2e363037]
Failed communication to Camera.
EVS Port1 66/1/ADS1115_APP 11: Temp File '001_t_00006.csv':{04C7, 7FFF, 7FFF, 7FFF, }
EVS Port1 66/1/ADS1115_APP 11: ADS1115 Message sent to TIM.
EVS Port1 66/1/TIM_APP 7: Image File '/ram/images/001_1_0004.jpg' Sent Successfully
EVS Port1 66/1/TIM_APP 7: TIM: Send Camera 1 File Command Received
EVS Port1 66/1/TIM_APP 8: Temps File '/ram/temps/001_t_00005.csv' Sent Successfully
EVS Port1 66/1/TIM_APP 8: TIM: Send Temps File Command Received
EVS Port1 66/1/VC0706_APP 10: Camera 1 stored as </ram/images/001_1_0006.jpg>
EVS Port1 66/1/VC0706_APP 10: Message sent to TIM from VC0706.
EVS Port1 66/1/VC0706_APP 9: Camera 0 unresponsive! R[0] = [0] R[1] = [30435620] R[2] = [2e363037]
Failed communication to Camera.
EVS Port1 66/1/ADS1115_APP 11: Temp File '001_t_00007.csv':{04C7, 7FFF, 7FFF, 7FFF, }
EVS Port1 66/1/ADS1115_APP 11: ADS1115 Message sent to TIM.
EVS Port1 66/1/TIM_APP 7: Image File '/ram/images/001_1_0005.jpg' Sent Successfully
EVS Port1 66/1/TIM_APP 7: TIM: Send Camera 1 File Command Received
EVS Port1 66/1/TIM_APP 8: Temps File '/ram/temps/001_t_00006.csv' Sent Successfully
EVS Port1 66/1/TIM_APP 8: TIM: Send Temps File Command Received
EVS Port1 66/1/VC0706_APP 10: Camera 1 stored as </ram/images/001_1_0007.jpg>
EVS Port1 66/1/VC0706_APP 10: Message sent to TIM from VC0706.
EVS Port1 66/1/VC0706_APP 9: Camera 0 unresponsive! R[0] = [0] R[1] = [30435620] R[2] = [2e363037]
Failed communication to Camera.
EVS Port1 66/1/ADS1115_APP 11: Temp File '001_t_00008.csv':{04CA, 7FFF, 7FFF, 7FFF, }
EVS Port1 66/1/ADS1115_APP 11: ADS1115 Message sent to TIM.
EVS Port1 66/1/VC0706_APP 10: Camera 1 stored as </ram/images/001_1_0008.jpg>
EVS Port1 66/1/VC0706_APP 10: Message sent to TIM from VC0706.
EVS Port1 66/1/TIM_APP 7: Image File '/ram/images/001_1_0006.jpg' Sent Successfully
EVS Port1 66/1/TIM_APP 7: TIM: Send Camera 1 File Command Received
EVS Port1 66/1/TIM_APP 8: Temps File '/ram/temps/001_t_00007.csv' Sent Successfully
EVS Port1 66/1/TIM_APP 8: TIM: Send Temps File Command Received
EVS Port1 66/1/VC0706_APP 9: Camera 0 unresponsive! R[0] = [0] R[1] = [30435620] R[2] = [2e363037]
Failed communication to Camera.
EVS Port1 66/1/ADS1115_APP 11: Temp File '001_t_00009.csv':{04CB, 7FFF, 7FFF, 7FFF, }
EVS Port1 66/1/ADS1115_APP 11: ADS1115 Message sent to TIM.
EVS Port1 66/1/VC0706_APP 10: Camera 1 stored as </ram/images/001_1_0009.jpg>
EVS Port1 66/1/VC0706_APP 10: Message sent to TIM from VC0706.
EVS Port1 66/1/VC0706_APP 9: Camera 0 unresponsive! R[0] = [0] R[1] = [30435620] R[2] = [2e363037]
Failed communication to Camera.
EVS Port1 66/1/TIM_APP 7: Image File '/ram/images/001_1_0007.jpg' Sent Successfully
EVS Port1 66/1/TIM_APP 7: TIM: Send Camera 1 File Command Received
EVS Port1 66/1/TIM_APP 8: Temps File '/ram/temps/001_t_00008.csv' Sent Successfully
EVS Port1 66/1/TIM_APP 8: TIM: Send Temps File Command Received
EVS Port1 66/1/ADS1115_APP 11: Temp File '001_t_00010.csv':{04D0, 7FFF, 7FFF, 7FFF, }
EVS Port1 66/1/ADS1115_APP 11: ADS1115 Message sent to TIM.
EVS Port1 66/1/VC0706_APP 10: Camera 1 stored as </ram/images/001_1_0010.jpg>
EVS Port1 66/1/VC0706_APP 10: Message sent to TIM from VC0706.
EVS Port1 66/1/VC0706_APP 9: Camera 0 unresponsive! R[0] = [0] R[1] = [30435620] R[2] = [2e363037]
Failed communication to Camera.
EVS Port1 66/1/ADS1115_APP 11: Temp File '001_t_00011.csv':{04D2, 7FFF, 7FFF, 7FFF, }
EVS Port1 66/1/CFE_SB 17: Msg Limit Err,MsgId 0x188a,pipe TIM_CMD_PIPE,sender ADS1115_APP.ADC_MONITOR
EVS Port1 66/1/ADS1115_APP 11: ADS1115 Message sent to TIM.
EVS Port1 66/1/TIM_APP 7: Image File '/ram/images/001_1_0008.jpg' Sent Successfully
EVS Port1 66/1/TIM_APP 7: TIM: Send Camera 1 File Command Received
EVS Port1 66/1/TIM_APP 8: Temps File '/ram/temps/001_t_00009.csv' Sent Successfully
EVS Port1 66/1/TIM_APP 8: TIM: Send Temps File Command Received
EVS Port1 66/1/VC0706_APP 10: Camera 1 stored as </ram/images/001_1_0011.jpg>
EVS Port1 66/1/VC0706_APP 10: Message sent to TIM from VC0706.
EVS Port1 66/1/VC0706_APP 9: Camera 0 unresponsive! R[0] = [0] R[1] = [30435620] R[2] = [2e363037]
Failed communication to Camera.
ADS1115: I2C Read Failure: Returned [-1]
ADS1115: I2C Read Failure: Returned [-1]
EVS Port1 66/1/ADS1115_APP 11: Temp File '001_t_00012.csv':{04D2, 7FFF, 7FFF, 7FFF, }
EVS Port1 66/1/ADS1115_APP 11: ADS1115 Message sent to TIM.
EVS Port1 66/1/TIM_APP 7: Image File '/ram/images/001_1_0009.jpg' Sent Successfully
EVS Port1 66/1/TIM_APP 7: TIM: Send Camera 1 File Command Received
EVS Port1 66/1/TIM_APP 8: Temps File '/ram/temps/001_t_00010.csv' Sent Successfully
EVS Port1 66/1/TIM_APP 8: TIM: Send Temps File Command Received
EVS Port1 66/1/VC0706_APP 10: Camera 1 stored as </ram/images/001_1_0012.jpg>
EVS Port1 66/1/VC0706_APP 10: Message sent to TIM from VC0706.
EVS Port1 66/1/VC0706_APP 9: Camera 0 unresponsive! R[0] = [0] R[1] = [30435620] R[2] = [2e363037]
Failed communication to Camera.
EVS Port1 66/1/ADS1115_APP 11: Temp File '001_t_00013.csv':{04D3, 7FFF, 7FFF, 7FFF, }
EVS Port1 66/1/ADS1115_APP 11: ADS1115 Message sent to TIM.
EVS Port1 66/1/VC0706_APP 10: Camera 1 stored as </ram/images/001_1_0013.jpg>
EVS Port1 66/1/CFE_SB 17: Msg Limit Err,MsgId 0x188a,pipe TIM_CMD_PIPE,sender VC0706_APP.CAMERA_CONTROL
EVS Port1 66/1/VC0706_APP 10: Message sent to TIM from VC0706.
EVS Port1 66/1/TIM_APP 7: Image File '/ram/images/001_1_0010.jpg' Sent Successfully
EVS Port1 66/1/TIM_APP 7: TIM: Send Camera 1 File Command Received
EVS Port1 66/1/TIM_APP 7: TIM: Send Camera 1 File yeilding, Wait Count = [1]
EVS Port1 66/1/TIM_APP 8: Temps File '/ram/temps/001_t_00012.csv' Sent Successfully
EVS Port1 66/1/TIM_APP 8: TIM: Send Temps File Command Received
EVS Port1 66/1/VC0706_APP 9: Camera 0 unresponsive! R[0] = [0] R[1] = [30435620] R[2] = [2e363037]
Failed communication to Camera.
EVS Port1 66/1/ADS1115_APP 11: Temp File '001_t_00014.csv':{04D6, 7FFF, 7FFF, 7FFF, }
EVS Port1 66/1/ADS1115_APP 11: ADS1115 Message sent to TIM.
EVS Port1 66/1/VC0706_APP 10: Camera 1 stored as </ram/images/001_1_0014.jpg>
EVS Port1 66/1/VC0706_APP 10: Message sent to TIM from VC0706.
EVS Port1 66/1/VC0706_APP 9: Camera 0 unresponsive! R[0] = [0] R[1] = [30435620] R[2] = [2e363037]
Failed communication to Camera.
EVS Port1 66/1/TIM_APP 7: Image File '/ram/images/001_1_0012.jpg' Sent Successfully
EVS Port1 66/1/TIM_APP 7: TIM: Send Camera 1 File Command Received
EVS Port1 66/1/TIM_APP 8: Temps File '/ram/temps/001_t_00013.csv' Sent Successfully
EVS Port1 66/1/TIM_APP 8: TIM: Send Temps File Command Received
EVS Port1 66/1/TIM_APP 8: TIM: Send Temps File Wait Count Reached [1]
EVS Port1 66/1/ADS1115_APP 11: Temp File '001_t_00015.csv':{04D7, 7FFF, 7FFF, 7FFF, }
EVS Port1 66/1/ADS1115_APP 11: ADS1115 Message sent to TIM.
EVS Port1 66/1/VC0706_APP 10: Camera 1 stored as </ram/images/001_1_0015.jpg>
EVS Port1 66/1/VC0706_APP 10: Message sent to TIM from VC0706.
EVS Port1 66/1/VC0706_APP 9: Camera 0 unresponsive! R[0] = [0] R[1] = [30435620] R[2] = [2e363037]
Failed communication to Camera.
EVS Port1 66/1/TIM_APP 7: Image File '/ram/images/001_1_0014.jpg' Sent Successfully
EVS Port1 66/1/TIM_APP 7: TIM: Send Camera 1 File Command Received
EVS Port1 66/1/TIM_APP 8: Temps File '/ram/temps/001_t_00015.csv' Sent Successfully
EVS Port1 66/1/TIM_APP 8: TIM: Send Temps File Command Received
EVS Port1 66/1/ADS1115_APP 11: Temp File '001_t_00016.csv':{04D9, 7FFF, 7FFF, 7FFF, }
EVS Port1 66/1/ADS1115_APP 11: ADS1115 Message sent to TIM.
EVS Port1 66/1/VC0706_APP 10: Camera 1 stored as </ram/images/001_1_0016.jpg>
EVS Port1 66/1/VC0706_APP 10: Message sent to TIM from VC0706.
EVS Port1 66/1/VC0706_APP 9: Camera 0 unresponsive! R[0] = [0] R[1] = [30435620] R[2] = [2e363037]
Failed communication to Camera.
EVS Port1 66/1/ADS1115_APP 11: Temp File '001_t_00017.csv':{04DA, 7FFF, 7FFF, 7FFF, }
EVS Port1 66/1/ADS1115_APP 11: ADS1115 Message sent to TIM.
EVS Port1 66/1/TIM_APP 7: Image File '/ram/images/001_1_0015.jpg' Sent Successfully
EVS Port1 66/1/TIM_APP 7: TIM: Send Camera 1 File Command Received
EVS Port1 66/1/TIM_APP 8: Temps File '/ram/temps/001_t_00016.csv' Sent Successfully
EVS Port1 66/1/TIM_APP 8: TIM: Send Temps File Command Received
EVS Port1 66/1/VC0706_APP 10: Camera 1 stored as </ram/images/001_1_0017.jpg>
EVS Port1 66/1/VC0706_APP 10: Message sent to TIM from VC0706.
EVS Port1 66/1/VC0706_APP 9: Camera 0 unresponsive! R[0] = [0] R[1] = [30435620] R[2] = [2e363037]
Failed communication to Camera.
EVS Port1 66/1/ADS1115_APP 11: Temp File '001_t_00018.csv':{04DB, 7FFF, 7FFF, 7FFF, }
EVS Port1 66/1/ADS1115_APP 11: ADS1115 Message sent to TIM.
EVS Port1 66/1/VC0706_APP 10: Camera 1 stored as </ram/images/001_1_0018.jpg>
EVS Port1 66/1/VC0706_APP 10: Message sent to TIM from VC0706.
EVS Port1 66/1/VC0706_APP 9: Camera 0 unresponsive! R[0] = [0] R[1] = [30435620] R[2] = [2e363037]
Failed communication to Camera.
EVS Port1 66/1/TIM_APP 7: Image File '/ram/images/001_1_0016.jpg' Sent Successfully
EVS Port1 66/1/TIM_APP 7: TIM: Send Camera 1 File Command Received
EVS Port1 66/1/TIM_APP 8: Temps File '/ram/temps/001_t_00017.csv' Sent Successfully
EVS Port1 66/1/TIM_APP 8: TIM: Send Temps File Command Received
EVS Port1 66/1/ADS1115_APP 11: Temp File '001_t_00019.csv':{04DE, 7FFF, 7FFF, 7FFF, }
EVS Port1 66/1/ADS1115_APP 11: ADS1115 Message sent to TIM.
EVS Port1 66/1/VC0706_APP 10: Camera 1 stored as </ram/images/001_1_0019.jpg>
EVS Port1 66/1/VC0706_APP 10: Message sent to TIM from VC0706.
EVS Port1 66/1/VC0706_APP 9: Camera 0 unresponsive! R[0] = [0] R[1] = [30435620] R[2] = [2e363037]
Failed communication to Camera.
EVS Port1 66/1/TIM_APP 7: Image File '/ram/images/001_1_0017.jpg' Sent Successfully
EVS Port1 66/1/TIM_APP 7: TIM: Send Camera 1 File Command Received
EVS Port1 66/1/TIM_APP 8: Temps File '/ram/temps/001_t_00018.csv' Sent Successfully
EVS Port1 66/1/TIM_APP 8: TIM: Send Temps File Command Received
EVS Port1 66/1/ADS1115_APP 11: Temp File '001_t_00020.csv':{04DC, 7FFF, 7FFF, 7FFF, }
EVS Port1 66/1/ADS1115_APP 11: ADS1115 Message sent to TIM.
EVS Port1 66/1/VC0706_APP 10: Camera 1 stored as </ram/images/001_1_0020.jpg>
EVS Port1 66/1/VC0706_APP 10: Message sent to TIM from VC0706.
EVS Port1 66/1/VC0706_APP 9: Camera 0 unresponsive! R[0] = [0] R[1] = [30435620] R[2] = [2e363037]
Failed communication to Camera.
EVS Port1 66/1/TIM_APP 7: Image File '/ram/images/001_1_0018.jpg' Sent Successfully
EVS Port1 66/1/TIM_APP 7: TIM: Send Camera 1 File Command Received
EVS Port1 66/1/TIM_APP 8: Temps File '/ram/temps/001_t_00019.csv' Sent Successfully
EVS Port1 66/1/TIM_APP 8: TIM: Send Temps File Command Received
EVS Port1 66/1/VC0706_APP 10: Camera 1 stored as </ram/images/001_1_0021.jpg>
EVS Port1 66/1/VC0706_APP 10: Message sent to TIM from VC0706.
EVS Port1 66/1/ADS1115_APP 11: Temp File '001_t_00021.csv':{04DD, 7FFF, 7FFF, 7FFF, }
EVS Port1 66/1/ADS1115_APP 11: ADS1115 Message sent to TIM.
EVS Port1 66/1/VC0706_APP 9: Camera 0 unresponsive! R[0] = [0] R[1] = [30435620] R[2] = [2e363037]
Failed communication to Camera.
EVS Port1 66/1/TIM_APP 7: Image File '/ram/images/001_1_0019.jpg' Sent Successfully
EVS Port1 66/1/TIM_APP 7: TIM: Send Camera 1 File Command Received
EVS Port1 66/1/TIM_APP 8: Temps File '/ram/temps/001_t_00020.csv' Sent Successfully
EVS Port1 66/1/TIM_APP 8: TIM: Send Temps File Command Received
EVS Port1 66/1/VC0706_APP 10: Camera 1 stored as </ram/images/001_1_0022.jpg>
EVS Port1 66/1/VC0706_APP 10: Message sent to TIM from VC0706.
EVS Port1 66/1/ADS1115_APP 11: Temp File '001_t_00022.csv':{04DF, 7FFF, 7FFF, 7FFF, }
EVS Port1 66/1/ADS1115_APP 11: ADS1115 Message sent to TIM.
EVS Port1 66/1/VC0706_APP 9: Camera 0 unresponsive! R[0] = [0] R[1] = [30435620] R[2] = [2e363037]
Failed communication to Camera.
EVS Port1 66/1/VC0706_APP 10: Camera 1 stored as </ram/images/001_1_0023.jpg>
EVS Port1 66/1/CFE_SB 17: Msg Limit Err,MsgId 0x188a,pipe TIM_CMD_PIPE,sender VC0706_APP.CAMERA_CONTROL
EVS Port1 66/1/VC0706_APP 10: Message sent to TIM from VC0706.
EVS Port1 66/1/ADS1115_APP 11: Temp File '001_t_00023.csv':{04DF, 7FFF, 7FFF, 7FFF, }
EVS Port1 66/1/CFE_SB 17: Msg Limit Err,MsgId 0x188a,pipe TIM_CMD_PIPE,sender ADS1115_APP.ADC_MONITOR
EVS Port1 66/1/ADS1115_APP 11: ADS1115 Message sent to TIM.
EVS Port1 66/1/VC0706_APP 9: Camera 0 unresponsive! R[0] = [0] R[1] = [30435620] R[2] = [2e363037]
Failed communication to Camera.
EVS Port1 66/1/TIM_APP 7: Image File '/ram/images/001_1_0020.jpg' Sent Successfully
EVS Port1 66/1/TIM_APP 7: TIM: Send Camera 1 File Command Received
EVS Port1 66/1/TIM_APP 7: TIM: Send Camera 1 File yeilding, Wait Count = [1]
EVS Port1 66/1/TIM_APP 8: Temps File '/ram/temps/001_t_00021.csv' Sent Successfully
EVS Port1 66/1/TIM_APP 8: TIM: Send Temps File Command Received
EVS Port1 66/1/VC0706_APP 10: Camera 1 stored as </ram/images/001_1_0024.jpg>
EVS Port1 66/1/VC0706_APP 10: Message sent to TIM from VC0706.
EVS Port1 66/1/VC0706_APP 9: Camera 0 unresponsive! R[0] = [0] R[1] = [30435620] R[2] = [2e363037]
Failed communication to Camera.
EVS Port1 66/1/ADS1115_APP 11: Temp File '001_t_00024.csv':{04E1, 7FFF, 7FFF, 7FFF, }
EVS Port1 66/1/ADS1115_APP 11: ADS1115 Message sent to TIM.
EVS Port1 66/1/TIM_APP 7: Image File '/ram/images/001_1_0022.jpg' Sent Successfully
EVS Port1 66/1/TIM_APP 7: TIM: Send Camera 1 File Command Received
EVS Port1 66/1/TIM_APP 8: Temps File '/ram/temps/001_t_00022.csv' Sent Successfully
EVS Port1 66/1/TIM_APP 8: TIM: Send Temps File Command Received
EVS Port1 66/1/VC0706_APP 10: Camera 1 stored as </ram/images/001_1_0025.jpg>
EVS Port1 66/1/VC0706_APP 10: Message sent to TIM from VC0706.
EVS Port1 66/1/VC0706_APP 9: Camera 0 unresponsive! R[0] = [0] R[1] = [30435620] R[2] = [2e363037]
Failed communication to Camera.
EVS Port1 66/1/ADS1115_APP 11: Temp File '001_t_00025.csv':{04E0, 7FFF, 7FFF, 7FFF, }
EVS Port1 66/1/ADS1115_APP 11: ADS1115 Message sent to TIM.
EVS Port1 66/1/TIM_APP 7: Image File '/ram/images/001_1_0024.jpg' Sent Successfully
EVS Port1 66/1/TIM_APP 7: TIM: Send Camera 1 File Command Received
EVS Port1 66/1/TIM_APP 8: Temps File '/ram/temps/001_t_00024.csv' Sent Successfully
EVS Port1 66/1/TIM_APP 8: TIM: Send Temps File Command Received
EVS Port1 66/1/VC0706_APP 10: Camera 1 stored as </ram/images/001_1_0026.jpg>
EVS Port1 66/1/VC0706_APP 10: Message sent to TIM from VC0706.
EVS Port1 66/1/VC0706_APP 9: Camera 0 unresponsive! R[0] = [0] R[1] = [30435620] R[2] = [2e363037]
Failed communication to Camera.
EVS Port1 66/1/ADS1115_APP 11: Temp File '001_t_00026.csv':{04E3, 7FFF, 7FFF, 7FFF, }
EVS Port1 66/1/ADS1115_APP 11: ADS1115 Message sent to TIM.
EVS Port1 66/1/TIM_APP 7: Image File '/ram/images/001_1_0025.jpg' Sent Successfully
EVS Port1 66/1/TIM_APP 7: TIM: Send Camera 1 File Command Received
EVS Port1 66/1/TIM_APP 8: Temps File '/ram/temps/001_t_00025.csv' Sent Successfully
EVS Port1 66/1/TIM_APP 8: TIM: Send Temps File Command Received
EVS Port1 66/1/VC0706_APP 10: Camera 1 stored as </ram/images/001_1_0027.jpg>
EVS Port1 66/1/VC0706_APP 10: Message sent to TIM from VC0706.
EVS Port1 66/1/VC0706_APP 9: Camera 0 unresponsive! R[0] = [0] R[1] = [30435620] R[2] = [2e363037]
Failed communication to Camera.
EVS Port1 66/1/ADS1115_APP 11: Temp File '001_t_00027.csv':{04E3, 7FFF, 7FFF, 7FFF, }
EVS Port1 66/1/ADS1115_APP 11: ADS1115 Message sent to TIM.
EVS Port1 66/1/VC0706_APP 10: Camera 1 stored as </ram/images/001_1_0028.jpg>
EVS Port1 66/1/VC0706_APP 10: Message sent to TIM from VC0706.
EVS Port1 66/1/VC0706_APP 9: Camera 0 unresponsive! R[0] = [0] R[1] = [30435620] R[2] = [2e363037]
Failed communication to Camera.
EVS Port1 66/1/TIM_APP 7: Image File '/ram/images/001_1_0026.jpg' Sent Successfully
EVS Port1 66/1/TIM_APP 7: TIM: Send Camera 1 File Command Received
EVS Port1 66/1/TIM_APP 8: Temps File '/ram/temps/001_t_00026.csv' Sent Successfully
EVS Port1 66/1/TIM_APP 8: TIM: Send Temps File Command Received
EVS Port1 66/1/ADS1115_APP 11: Temp File '001_t_00028.csv':{04E5, 7FFF, 7FFF, 7FFF, }
EVS Port1 66/1/ADS1115_APP 11: ADS1115 Message sent to TIM.
EVS Port1 66/1/VC0706_APP 10: Camera 1 stored as </ram/images/001_1_0029.jpg>
EVS Port1 66/1/VC0706_APP 10: Message sent to TIM from VC0706.
EVS Port1 66/1/VC0706_APP 9: Camera 0 unresponsive! R[0] = [0] R[1] = [30435620] R[2] = [2e363037]
Failed communication to Camera.
EVS Port1 66/1/ADS1115_APP 11: Temp File '001_t_00029.csv':{04E5, 7FFF, 7FFF, 7FFF, }
EVS Port1 66/1/CFE_SB 17: Msg Limit Err,MsgId 0x188a,pipe TIM_CMD_PIPE,sender ADS1115_APP.ADC_MONITOR
EVS Port1 66/1/ADS1115_APP 11: ADS1115 Message sent to TIM.
EVS Port1 66/1/TIM_APP 7: Image File '/ram/images/001_1_0027.jpg' Sent Successfully
EVS Port1 66/1/TIM_APP 7: TIM: Send Camera 1 File Command Received
EVS Port1 66/1/TIM_APP 8: Temps File '/ram/temps/001_t_00027.csv' Sent Successfully
EVS Port1 66/1/TIM_APP 8: TIM: Send Temps File Command Received
EVS Port1 66/1/VC0706_APP 10: Camera 1 stored as </ram/images/001_1_0030.jpg>
EVS Port1 66/1/VC0706_APP 10: Message sent to TIM from VC0706.
EVS Port1 66/1/VC0706_APP 9: Camera 0 unresponsive! R[0] = [0] R[1] = [30435620] R[2] = [2e363037]
Failed communication to Camera.
EVS Port1 66/1/ADS1115_APP 11: Temp File '001_t_00030.csv':{04E4, 7FFF, 7FFF, 7FFF, }
EVS Port1 66/1/ADS1115_APP 11: ADS1115 Message sent to TIM.
EVS Port1 66/1/TIM_APP 7: Image File '/ram/images/001_1_0028.jpg' Sent Successfully
EVS Port1 66/1/TIM_APP 7: TIM: Send Camera 1 File Command Received
EVS Port1 66/1/TIM_APP 8: Temps File '/ram/temps/001_t_00028.csv' Sent Successfully
EVS Port1 66/1/TIM_APP 8: TIM: Send Temps File Command Received
EVS Port1 66/1/VC0706_APP 10: Camera 1 stored as </ram/images/001_1_0031.jpg>
EVS Port1 66/1/VC0706_APP 10: Message sent to TIM from VC0706.
EVS Port1 66/1/VC0706_APP 9: Camera 0 unresponsive! R[0] = [0] R[1] = [30435620] R[2] = [2e363037]
Failed communication to Camera.
EVS Port1 66/1/ADS1115_APP 11: Temp File '001_t_00031.csv':{04E4, 7FFF, 7FFF, 7FFF, }
EVS Port1 66/1/ADS1115_APP 11: ADS1115 Message sent to TIM.
EVS Port1 66/1/TIM_APP 7: Image File '/ram/images/001_1_0029.jpg' Sent Successfully
EVS Port1 66/1/TIM_APP 7: TIM: Send Camera 1 File Command Received
EVS Port1 66/1/TIM_APP 7: TIM: Send Camera 1 File yeilding, Wait Count = [1]
EVS Port1 66/1/TIM_APP 8: Temps File '/ram/temps/001_t_00030.csv' Sent Successfully
EVS Port1 66/1/TIM_APP 8: TIM: Send Temps File Command Received
EVS Port1 66/1/VC0706_APP 10: Camera 1 stored as </ram/images/001_1_0032.jpg>
EVS Port1 66/1/VC0706_APP 10: Message sent to TIM from VC0706.
EVS Port1 66/1/VC0706_APP 9: Camera 0 unresponsive! R[0] = [0] R[1] = [30435620] R[2] = [2e363037]
Failed communication to Camera.
EVS Port1 66/1/ADS1115_APP 11: Temp File '001_t_00032.csv':{04E6, 7FFF, 7FFF, 7FFF, }
EVS Port1 66/1/ADS1115_APP 11: ADS1115 Message sent to TIM.
EVS Port1 66/1/VC0706_APP 10: Camera 1 stored as </ram/images/001_1_0033.jpg>
EVS Port1 66/1/VC0706_APP 10: Message sent to TIM from VC0706.
EVS Port1 66/1/VC0706_APP 9: Camera 0 unresponsive! R[0] = [0] R[1] = [30435620] R[2] = [2e363037]
Failed communication to Camera.
EVS Port1 66/1/TIM_APP 7: Image File '/ram/images/001_1_0031.jpg' Sent Successfully
EVS Port1 66/1/TIM_APP 7: TIM: Send Camera 1 File Command Received
EVS Port1 66/1/TIM_APP 8: Temps File '/ram/temps/001_t_00031.csv' Sent Successfully
EVS Port1 66/1/TIM_APP 8: TIM: Send Temps File Command Received
EVS Port1 66/1/ADS1115_APP 11: Temp File '001_t_00033.csv':{04E4, 7FFF, 7FFF, 7FFF, }
EVS Port1 66/1/ADS1115_APP 11: ADS1115 Message sent to TIM.
EVS Port1 66/1/VC0706_APP 10: Camera 1 stored as </ram/images/001_1_0034.jpg>
EVS Port1 66/1/VC0706_APP 10: Message sent to TIM from VC0706.
EVS Port1 66/1/VC0706_APP 9: Camera 0 unresponsive! R[0] = [0] R[1] = [30435620] R[2] = [2e363037]
Failed communication to Camera.
EVS Port1 66/1/TIM_APP 7: Image File '/ram/images/001_1_0032.jpg' Sent Successfully
EVS Port1 66/1/TIM_APP 7: TIM: Send Camera 1 File Command Received
EVS Port1 66/1/TIM_APP 8: Temps File '/ram/temps/001_t_00032.csv' Sent Successfully
EVS Port1 66/1/TIM_APP 8: TIM: Send Temps File Command Received
EVS Port1 66/1/ADS1115_APP 11: Temp File '001_t_00034.csv':{04E6, 7FFF, 7FFF, 7FFF, }
EVS Port1 66/1/ADS1115_APP 11: ADS1115 Message sent to TIM.
EVS Port1 66/1/VC0706_APP 10: Camera 1 stored as </ram/images/001_1_0035.jpg>
EVS Port1 66/1/VC0706_APP 10: Message sent to TIM from VC0706.
EVS Port1 66/1/VC0706_APP 9: Camera 0 unresponsive! R[0] = [0] R[1] = [30435620] R[2] = [2e363037]
Failed communication to Camera.
EVS Port1 66/1/ADS1115_APP 11: Temp File '001_t_00035.csv':{04E6, 7FFF, 7FFF, 7FFF, }
EVS Port1 66/1/CFE_SB 17: Msg Limit Err,MsgId 0x188a,pipe TIM_CMD_PIPE,sender ADS1115_APP.ADC_MONITOR
EVS Port1 66/1/ADS1115_APP 11: ADS1115 Message sent to TIM.
EVS Port1 66/1/TIM_APP 7: Image File '/ram/images/001_1_0033.jpg' Sent Successfully
EVS Port1 66/1/TIM_APP 7: TIM: Send Camera 1 File Command Received
EVS Port1 66/1/TIM_APP 8: Temps File '/ram/temps/001_t_00033.csv' Sent Successfully
EVS Port1 66/1/TIM_APP 8: TIM: Send Temps File Command Received
EVS Port1 66/1/VC0706_APP 10: Camera 1 stored as </ram/images/001_1_0036.jpg>
EVS Port1 66/1/VC0706_APP 10: Message sent to TIM from VC0706.
EVS Port1 66/1/VC0706_APP 9: Camera 0 unresponsive! R[0] = [0] R[1] = [30435620] R[2] = [2e363037]
Failed communication to Camera.
EVS Port1 66/1/ADS1115_APP 11: Temp File '001_t_00036.csv':{04E9, 7FFF, 7FFF, 7FFF, }
EVS Port1 66/1/ADS1115_APP 11: ADS1115 Message sent to TIM.
EVS Port1 66/1/VC0706_APP 10: Camera 1 stored as </ram/images/001_1_0037.jpg>
EVS Port1 66/1/CFE_SB 17: Msg Limit Err,MsgId 0x188a,pipe TIM_CMD_PIPE,sender VC0706_APP.CAMERA_CONTROL
EVS Port1 66/1/VC0706_APP 10: Message sent to TIM from VC0706.
EVS Port1 66/1/TIM_APP 7: Image File '/ram/images/001_1_0034.jpg' Sent Successfully
EVS Port1 66/1/TIM_APP 7: TIM: Send Camera 1 File Command Received
EVS Port1 66/1/TIM_APP 8: Temps File '/ram/temps/001_t_00034.csv' Sent Successfully
EVS Port1 66/1/TIM_APP 8: TIM: Send Temps File Command Received
EVS Port1 66/1/VC0706_APP 9: Camera 0 unresponsive! R[0] = [0] R[1] = [30435620] R[2] = [2e363037]
Failed communication to Camera.
EVS Port1 66/1/ADS1115_APP 11: Temp File '001_t_00037.csv':{04E9, 7FFF, 7FFF, 7FFF, }
EVS Port1 66/1/ADS1115_APP 11: ADS1115 Message sent to TIM.
EVS Port1 66/1/VC0706_APP 10: Camera 1 stored as </ram/images/001_1_0038.jpg>
EVS Port1 66/1/VC0706_APP 10: Message sent to TIM from VC0706.
EVS Port1 66/1/VC0706_APP 9: Camera 0 unresponsive! R[0] = [0] R[1] = [30435620] R[2] = [2e363037]
Failed communication to Camera.
EVS Port1 66/1/TIM_APP 7: Image File '/ram/images/001_1_0035.jpg' Sent Successfully
EVS Port1 66/1/TIM_APP 7: TIM: Send Camera 1 File Command Received
EVS Port1 66/1/TIM_APP 7: TIM: Send Camera 1 File yeilding, Wait Count = [1]
EVS Port1 66/1/TIM_APP 8: Temps File '/ram/temps/001_t_00036.csv' Sent Successfully
EVS Port1 66/1/TIM_APP 8: TIM: Send Temps File Command Received
EVS Port1 66/1/TIM_APP 8: TIM: Send Temps File Wait Count Reached [1]
EVS Port1 66/1/ADS1115_APP 11: Temp File '001_t_00038.csv':{04EC, 7FFF, 7FFF, 7FFF, }
EVS Port1 66/1/ADS1115_APP 11: ADS1115 Message sent to TIM.
EVS Port1 66/1/VC0706_APP 10: Camera 1 stored as </ram/images/001_1_0039.jpg>
EVS Port1 66/1/VC0706_APP 10: Message sent to TIM from VC0706.
EVS Port1 66/1/VC0706_APP 9: Camera 0 unresponsive! R[0] = [0] R[1] = [30435620] R[2] = [2e363037]
Failed communication to Camera.
EVS Port1 66/1/TIM_APP 7: Image File '/ram/images/001_1_0038.jpg' Sent Successfully
EVS Port1 66/1/TIM_APP 7: TIM: Send Camera 1 File Command Received
EVS Port1 66/1/TIM_APP 8: Temps File '/ram/temps/001_t_00038.csv' Sent Successfully
EVS Port1 66/1/TIM_APP 8: TIM: Send Temps File Command Received
EVS Port1 66/1/ADS1115_APP 11: Temp File '001_t_00039.csv':{04EB, 7FFF, 7FFF, 7FFF, }
EVS Port1 66/1/ADS1115_APP 11: ADS1115 Message sent to TIM.
EVS Port1 66/1/VC0706_APP 10: Camera 1 stored as </ram/images/001_1_0040.jpg>
EVS Port1 66/1/VC0706_APP 10: Message sent to TIM from VC0706.
EVS Port1 66/1/VC0706_APP 9: Camera 0 unresponsive! R[0] = [0] R[1] = [30435620] R[2] = [2e363037]
Failed communication to Camera.
EVS Port1 66/1/TIM_APP 7: Image File '/ram/images/001_1_0039.jpg' Sent Successfully
EVS Port1 66/1/TIM_APP 7: TIM: Send Camera 1 File Command Received
EVS Port1 66/1/TIM_APP 8: Temps File '/ram/temps/001_t_00039.csv' Sent Successfully
EVS Port1 66/1/TIM_APP 8: TIM: Send Temps File Command Received
EVS Port1 66/1/ADS1115_APP 11: Temp File '001_t_00040.csv':{04EA, 7FFF, 7FFF, 7FFF, }
EVS Port1 66/1/ADS1115_APP 11: ADS1115 Message sent to TIM.
EVS Port1 66/1/VC0706_APP 10: Camera 1 stored as </ram/images/001_1_0041.jpg>
EVS Port1 66/1/VC0706_APP 10: Message sent to TIM from VC0706.
EVS Port1 66/1/VC0706_APP 9: Camera 0 unresponsive! R[0] = [0] R[1] = [30435620] R[2] = [2e363037]
Failed communication to Camera.
EVS Port1 66/1/VC0706_APP 10: Camera 1 stored as </ram/images/001_1_0042.jpg>
EVS Port1 66/1/VC0706_APP 10: Message sent to TIM from VC0706.
EVS Port1 66/1/ADS1115_APP 11: Temp File '001_t_00041.csv':{04EB, 7FFF, 7FFF, 7FFF, }
EVS Port1 66/1/ADS1115_APP 11: ADS1115 Message sent to TIM.
EVS Port1 66/1/TIM_APP 7: Image File '/ram/images/001_1_0040.jpg' Sent Successfully
EVS Port1 66/1/TIM_APP 7: TIM: Send Camera 1 File Command Received
EVS Port1 66/1/TIM_APP 8: Temps File '/ram/temps/001_t_00040.csv' Sent Successfully
EVS Port1 66/1/TIM_APP 8: TIM: Send Temps File Command Received
EVS Port1 66/1/VC0706_APP 9: Camera 0 unresponsive! R[0] = [0] R[1] = [30435620] R[2] = [2e363037]
Failed communication to Camera.
EVS Port1 66/1/VC0706_APP 10: Camera 1 stored as </ram/images/001_1_0043.jpg>
EVS Port1 66/1/VC0706_APP 10: Message sent to TIM from VC0706.
EVS Port1 66/1/ADS1115_APP 11: Temp File '001_t_00042.csv':{04EB, 7FFF, 7FFF, 7FFF, }
EVS Port1 66/1/ADS1115_APP 11: ADS1115 Message sent to TIM.
EVS Port1 66/1/VC0706_APP 9: Camera 0 unresponsive! R[0] = [0] R[1] = [30435620] R[2] = [2e363037]
Failed communication to Camera.
EVS Port1 66/1/TIM_APP 7: Image File '/ram/images/001_1_0041.jpg' Sent Successfully
EVS Port1 66/1/TIM_APP 7: TIM: Send Camera 1 File Command Received
EVS Port1 66/1/TIM_APP 7: TIM: Send Camera 1 File yeilding, Wait Count = [1]
EVS Port1 66/1/TIM_APP 8: Temps File '/ram/temps/001_t_00041.csv' Sent Successfully
EVS Port1 66/1/TIM_APP 8: TIM: Send Temps File Command Received
EVS Port1 66/1/VC0706_APP 10: Camera 1 stored as </ram/images/001_1_0044.jpg>
EVS Port1 66/1/VC0706_APP 10: Message sent to TIM from VC0706.
EVS Port1 66/1/ADS1115_APP 11: Temp File '001_t_00043.csv':{04EB, 7FFF, 7FFF, 7FFF, }
EVS Port1 66/1/ADS1115_APP 11: ADS1115 Message sent to TIM.
EVS Port1 66/1/VC0706_APP 9: Camera 0 unresponsive! R[0] = [0] R[1] = [30435620] R[2] = [2e363037]
Failed communication to Camera.
EVS Port1 66/1/TIM_APP 7: Image File '/ram/images/001_1_0043.jpg' Sent Successfully
EVS Port1 66/1/TIM_APP 7: TIM: Send Camera 1 File Command Received
EVS Port1 66/1/TIM_APP 8: Temps File '/ram/temps/001_t_00042.csv' Sent Successfully
EVS Port1 66/1/TIM_APP 8: TIM: Send Temps File Command Received
EVS Port1 66/1/VC0706_APP 10: Camera 1 stored as </ram/images/001_1_0045.jpg>
EVS Port1 66/1/VC0706_APP 10: Message sent to TIM from VC0706.
EVS Port1 66/1/VC0706_APP 9: Camera 0 unresponsive! R[0] = [0] R[1] = [30435620] R[2] = [2e363037]
Failed communication to Camera.
EVS Port1 66/1/ADS1115_APP 11: Temp File '001_t_00044.csv':{04EB, 7FFF, 7FFF, 7FFF, }
EVS Port1 66/1/ADS1115_APP 11: ADS1115 Message sent to TIM.
EVS Port1 66/1/TIM_APP 7: Image File '/ram/images/001_1_0044.jpg' Sent Successfully
EVS Port1 66/1/TIM_APP 7: TIM: Send Camera 1 File Command Received
EVS Port1 66/1/TIM_APP 8: Temps File '/ram/temps/001_t_00043.csv' Sent Successfully
EVS Port1 66/1/TIM_APP 8: TIM: Send Temps File Command Received
EVS Port1 66/1/VC0706_APP 10: Camera 1 stored as </ram/images/001_1_0046.jpg>
EVS Port1 66/1/VC0706_APP 10: Message sent to TIM from VC0706.
EVS Port1 66/1/VC0706_APP 9: Camera 0 unresponsive! R[0] = [0] R[1] = [30435620] R[2] = [2e363037]
Failed communication to Camera.
EVS Port1 66/1/ADS1115_APP 11: Temp File '001_t_00045.csv':{04E9, 7FFF, 7FFF, 7FFF, }
EVS Port1 66/1/ADS1115_APP 11: ADS1115 Message sent to TIM.
EVS Port1 66/1/VC0706_APP 10: Camera 1 stored as </ram/images/001_1_0047.jpg>
EVS Port1 66/1/VC0706_APP 10: Message sent to TIM from VC0706.
EVS Port1 66/1/TIM_APP 7: Image File '/ram/images/001_1_0045.jpg' Sent Successfully
EVS Port1 66/1/TIM_APP 7: TIM: Send Camera 1 File Command Received
EVS Port1 66/1/TIM_APP 8: Temps File '/ram/temps/001_t_00044.csv' Sent Successfully
EVS Port1 66/1/TIM_APP 8: TIM: Send Temps File Command Received
EVS Port1 66/1/VC0706_APP 9: Camera 0 unresponsive! R[0] = [0] R[1] = [30435620] R[2] = [2e363037]
Failed communication to Camera.
EVS Port1 66/1/ADS1115_APP 11: Temp File '001_t_00046.csv':{04EA, 7FFF, 7FFF, 7FFF, }
EVS Port1 66/1/ADS1115_APP 11: ADS1115 Message sent to TIM.
EVS Port1 66/1/VC0706_APP 10: Camera 1 stored as </ram/images/001_1_0048.jpg>
EVS Port1 66/1/VC0706_APP 10: Message sent to TIM from VC0706.
EVS Port1 66/1/VC0706_APP 9: Camera 0 unresponsive! R[0] = [0] R[1] = [30435620] R[2] = [2e363037]
Failed communication to Camera.
EVS Port1 66/1/ADS1115_APP 11: Temp File '001_t_00047.csv':{04EA, 7FFF, 7FFF, 7FFF, }
EVS Port1 66/1/CFE_SB 17: Msg Limit Err,MsgId 0x188a,pipe TIM_CMD_PIPE,sender ADS1115_APP.ADC_MONITOR
EVS Port1 66/1/ADS1115_APP 11: ADS1115 Message sent to TIM.
EVS Port1 66/1/TIM_APP 7: Image File '/ram/images/001_1_0046.jpg' Sent Successfully
EVS Port1 66/1/TIM_APP 7: TIM: Send Camera 1 File Command Received
EVS Port1 66/1/TIM_APP 8: Temps File '/ram/temps/001_t_00045.csv' Sent Successfully
EVS Port1 66/1/TIM_APP 8: TIM: Send Temps File Command Received
EVS Port1 66/1/VC0706_APP 10: Camera 1 stored as </ram/images/001_1_0049.jpg>
EVS Port1 66/1/VC0706_APP 10: Message sent to TIM from VC0706.
EVS Port1 66/1/VC0706_APP 9: Camera 0 unresponsive! R[0] = [0] R[1] = [30435620] R[2] = [2e363037]
Failed communication to Camera.
EVS Port1 66/1/ADS1115_APP 11: Temp File '001_t_00048.csv':{04EA, 7FFF, 7FFF, 7FFF, }
EVS Port1 66/1/ADS1115_APP 11: ADS1115 Message sent to TIM.
EVS Port1 66/1/TIM_APP 7: Image File '/ram/images/001_1_0047.jpg' Sent Successfully
EVS Port1 66/1/TIM_APP 7: TIM: Send Camera 1 File Command Received
EVS Port1 66/1/TIM_APP 8: Temps File '/ram/temps/001_t_00046.csv' Sent Successfully
EVS Port1 66/1/TIM_APP 8: TIM: Send Temps File Command Received
EVS Port1 66/1/VC0706_APP 10: Camera 1 stored as </ram/images/001_1_0050.jpg>
EVS Port1 66/1/VC0706_APP 10: Message sent to TIM from VC0706.
EVS Port1 66/1/VC0706_APP 9: Camera 0 unresponsive! R[0] = [0] R[1] = [30435620] R[2] = [2e363037]
Failed communication to Camera.
ADS1115: I2C Read Failure: Returned [-1]
ADS1115: I2C Read Failure: Returned [-1]
EVS Port1 66/1/ADS1115_APP 11: Temp File '001_t_00049.csv':{04EA, 7FFF, 7FFF, 7FFF, }
EVS Port1 66/1/ADS1115_APP 11: ADS1115 Message sent to TIM.
EVS Port1 66/1/TIM_APP 7: Image File '/ram/images/001_1_0048.jpg' Sent Successfully
EVS Port1 66/1/TIM_APP 7: TIM: Send Camera 1 File Command Received
EVS Port1 66/1/TIM_APP 7: TIM: Send Camera 1 File yeilding, Wait Count = [1]
EVS Port1 66/1/TIM_APP 8: Temps File '/ram/temps/001_t_00048.csv' Sent Successfully
EVS Port1 66/1/TIM_APP 8: TIM: Send Temps File Command Received
EVS Port1 66/1/VC0706_APP 10: Camera 1 stored as </ram/images/001_1_0051.jpg>
EVS Port1 66/1/VC0706_APP 10: Message sent to TIM from VC0706.
EVS Port1 66/1/VC0706_APP 9: Camera 0 unresponsive! R[0] = [0] R[1] = [30435620] R[2] = [2e363037]
Failed communication to Camera.
EVS Port1 66/1/ADS1115_APP 11: Temp File '001_t_00050.csv':{04EC, 7FFF, 7FFF, 7FFF, }
EVS Port1 66/1/ADS1115_APP 11: ADS1115 Message sent to TIM.
EVS Port1 66/1/VC0706_APP 10: Camera 1 stored as </ram/images/001_1_0052.jpg>
EVS Port1 66/1/VC0706_APP 10: Message sent to TIM from VC0706.
EVS Port1 66/1/TIM_APP 7: Image File '/ram/images/001_1_0050.jpg' Sent Successfully
EVS Port1 66/1/TIM_APP 7: TIM: Send Camera 1 File Command Received
EVS Port1 66/1/TIM_APP 8: Temps File '/ram/temps/001_t_00049.csv' Sent Successfully
EVS Port1 66/1/TIM_APP 8: TIM: Send Temps File Command Received
EVS Port1 66/1/VC0706_APP 9: Camera 0 unresponsive! R[0] = [0] R[1] = [30435620] R[2] = [2e363037]
Failed communication to Camera.
EVS Port1 66/1/ADS1115_APP 11: Temp File '001_t_00051.csv':{04EF, 7FFF, 7FFF, 7FFF, }
EVS Port1 66/1/ADS1115_APP 11: ADS1115 Message sent to TIM.
EVS Port1 66/1/VC0706_APP 10: Camera 1 stored as </ram/images/001_1_0053.jpg>
EVS Port1 66/1/VC0706_APP 10: Message sent to TIM from VC0706.
EVS Port1 66/1/VC0706_APP 9: Camera 0 unresponsive! R[0] = [0] R[1] = [30435620] R[2] = [2e363037]
Failed communication to Camera.
EVS Port1 66/1/TIM_APP 7: Image File '/ram/images/001_1_0051.jpg' Sent Successfully
EVS Port1 66/1/TIM_APP 7: TIM: Send Camera 1 File Command Received
EVS Port1 66/1/TIM_APP 8: Temps File '/ram/temps/001_t_00050.csv' Sent Successfully
EVS Port1 66/1/TIM_APP 8: TIM: Send Temps File Command Received
EVS Port1 66/1/ADS1115_APP 11: Temp File '001_t_00052.csv':{04EC, 7FFF, 7FFF, 7FFF, }
EVS Port1 66/1/ADS1115_APP 11: ADS1115 Message sent to TIM.
EVS Port1 66/1/VC0706_APP 10: Camera 1 stored as </ram/images/001_1_0054.jpg>
EVS Port1 66/1/VC0706_APP 10: Message sent to TIM from VC0706.
EVS Port1 66/1/VC0706_APP 9: Camera 0 unresponsive! R[0] = [0] R[1] = [30435620] R[2] = [2e363037]
Failed communication to Camera.
EVS Port1 66/1/ADS1115_APP 11: Temp File '001_t_00053.csv':{04EC, 7FFF, 7FFF, 7FFF, }
EVS Port1 66/1/CFE_SB 17: Msg Limit Err,MsgId 0x188a,pipe TIM_CMD_PIPE,sender ADS1115_APP.ADC_MONITOR
EVS Port1 66/1/ADS1115_APP 11: ADS1115 Message sent to TIM.
EVS Port1 66/1/TIM_APP 7: Image File '/ram/images/001_1_0052.jpg' Sent Successfully
EVS Port1 66/1/TIM_APP 7: TIM: Send Camera 1 File Command Received
EVS Port1 66/1/TIM_APP 8: Temps File '/ram/temps/001_t_00051.csv' Sent Successfully
EVS Port1 66/1/TIM_APP 8: TIM: Send Temps File Command Received
EVS Port1 66/1/VC0706_APP 10: Camera 1 stored as </ram/images/001_1_0055.jpg>
EVS Port1 66/1/VC0706_APP 10: Message sent to TIM from VC0706.
EVS Port1 66/1/VC0706_APP 9: Camera 0 unresponsive! R[0] = [0] R[1] = [30435620] R[2] = [2e363037]
Failed communication to Camera.
EVS Port1 66/1/ADS1115_APP 11: Temp File '001_t_00054.csv':{04EE, 7FFF, 7FFF, 7FFF, }
EVS Port1 66/1/ADS1115_APP 11: ADS1115 Message sent to TIM.
EVS Port1 66/1/TIM_APP 7: Image File '/ram/images/001_1_0053.jpg' Sent Successfully
EVS Port1 66/1/TIM_APP 7: TIM: Send Camera 1 File Command Received
EVS Port1 66/1/TIM_APP 8: Temps File '/ram/temps/001_t_00052.csv' Sent Successfully
EVS Port1 66/1/TIM_APP 8: TIM: Send Temps File Command Received
EVS Port1 66/1/VC0706_APP 10: Camera 1 stored as </ram/images/001_1_0056.jpg>
EVS Port1 66/1/VC0706_APP 10: Message sent to TIM from VC0706.
EVS Port1 66/1/VC0706_APP 9: Camera 0 unresponsive! R[0] = [0] R[1] = [30435620] R[2] = [2e363037]
Failed communication to Camera.
EVS Port1 66/1/ADS1115_APP 11: Temp File '001_t_00055.csv':{04EC, 7FFF, 7FFF, 7FFF, }
EVS Port1 66/1/ADS1115_APP 11: ADS1115 Message sent to TIM.
EVS Port1 66/1/VC0706_APP 10: Camera 1 stored as </ram/images/001_1_0057.jpg>
EVS Port1 66/1/CFE_SB 17: Msg Limit Err,MsgId 0x188a,pipe TIM_CMD_PIPE,sender VC0706_APP.CAMERA_CONTROL
EVS Port1 66/1/VC0706_APP 10: Message sent to TIM from VC0706.
EVS Port1 66/1/CFE_SB 17: Msg Limit Err,MsgId 0x188b,pipe TIM_CMD_PIPE,sender SCH_LAB_APP
EVS Port1 66/1/VC0706_APP 9: Camera 0 unresponsive! R[0] = [0] R[1] = [30435620] R[2] = [2e363037]
Failed communication to Camera.
EVS Port1 66/1/TIM_APP 7: Image File '/ram/images/001_1_0054.jpg' Sent Successfully
EVS Port1 66/1/TIM_APP 7: TIM: Send Camera 1 File Command Received
EVS Port1 66/1/TIM_APP 7: TIM: Send Camera 1 File yeilding, Wait Count = [1]
EVS Port1 66/1/TIM_APP 8: Temps File '/ram/temps/001_t_00054.csv' Sent Successfully
EVS Port1 66/1/TIM_APP 8: TIM: Send Temps File Command Received
EVS Port1 66/1/ADS1115_APP 11: Temp File '001_t_00056.csv':{04ED, 7FFF, 7FFF, 7FFF, }
EVS Port1 66/1/ADS1115_APP 11: ADS1115 Message sent to TIM.
EVS Port1 66/1/VC0706_APP 10: Camera 1 stored as </ram/images/001_1_0058.jpg>
EVS Port1 66/1/VC0706_APP 10: Message sent to TIM from VC0706.
EVS Port1 66/1/VC0706_APP 9: Camera 0 unresponsive! R[0] = [0] R[1] = [30435620] R[2] = [2e363037]
Failed communication to Camera.
EVS Port1 66/1/TIM_APP 7: Image File '/ram/images/001_1_0056.jpg' Sent Successfully
EVS Port1 66/1/TIM_APP 7: TIM: Send Camera 1 File Command Received
EVS Port1 66/1/TIM_APP 8: Temps File '/ram/temps/001_t_00055.csv' Sent Successfully
EVS Port1 66/1/TIM_APP 8: TIM: Send Temps File Command Received
EVS Port1 66/1/TIM_APP 8: TIM: Send Temps File Wait Count Reached [1]
EVS Port1 66/1/ADS1115_APP 11: Temp File '001_t_00057.csv':{04EE, 7FFF, 7FFF, 7FFF, }
EVS Port1 66/1/ADS1115_APP 11: ADS1115 Message sent to TIM.
EVS Port1 66/1/VC0706_APP 10: Camera 1 stored as </ram/images/001_1_0059.jpg>
EVS Port1 66/1/VC0706_APP 10: Message sent to TIM from VC0706.
EVS Port1 66/1/VC0706_APP 9: Camera 0 unresponsive! R[0] = [0] R[1] = [30435620] R[2] = [2e363037]
Failed communication to Camera.
EVS Port1 66/1/TIM_APP 7: Image File '/ram/images/001_1_0058.jpg' Sent Successfully
EVS Port1 66/1/TIM_APP 7: TIM: Send Camera 1 File Command Received
EVS Port1 66/1/TIM_APP 8: Temps File '/ram/temps/001_t_00057.csv' Sent Successfully
EVS Port1 66/1/TIM_APP 8: TIM: Send Temps File Command Received
EVS Port1 66/1/ADS1115_APP 11: Temp File '001_t_00058.csv':{04ED, 7FFF, 7FFF, 7FFF, }
EVS Port1 66/1/ADS1115_APP 11: ADS1115 Message sent to TIM.
EVS Port1 66/1/VC0706_APP 10: Camera 1 stored as </ram/images/001_1_0060.jpg>
EVS Port1 66/1/VC0706_APP 10: Message sent to TIM from VC0706.
EVS Port1 66/1/VC0706_APP 9: Camera 0 unresponsive! R[0] = [0] R[1] = [30435620] R[2] = [2e363037]
Failed communication to Camera.
EVS Port1 66/1/TIM_APP 7: Image File '/ram/images/001_1_0059.jpg' Sent Successfully
EVS Port1 66/1/TIM_APP 7: TIM: Send Camera 1 File Command Received
EVS Port1 66/1/ADS1115_APP 11: Temp File '001_t_00059.csv':{04EC, 7FFF, 7FFF, 7FFF, }
EVS Port1 66/1/ADS1115_APP 11: ADS1115 Message sent to TIM.
EVS Port1 66/1/TIM_APP 8: Temps File '/ram/temps/001_t_00058.csv' Sent Successfully
EVS Port1 66/1/TIM_APP 8: TIM: Send Temps File Command Received
EVS Port1 66/1/VC0706_APP 10: Camera 1 stored as </ram/images/001_1_0061.jpg>
EVS Port1 66/1/VC0706_APP 10: Message sent to TIM from VC0706.
EVS Port1 66/1/VC0706_APP 9: Camera 0 unresponsive! R[0] = [0] R[1] = [30435620] R[2] = [2e363037]
Failed communication to Camera.
EVS Port1 66/1/VC0706_APP 10: Camera 1 stored as </ram/images/001_1_0062.jpg>
EVS Port1 66/1/VC0706_APP 10: Message sent to TIM from VC0706.
EVS Port1 66/1/ADS1115_APP 11: Temp File '001_t_00060.csv':{04F0, 7FFF, 7FFF, 7FFF, }
EVS Port1 66/1/ADS1115_APP 11: ADS1115 Message sent to TIM.
EVS Port1 66/1/VC0706_APP 9: Camera 0 unresponsive! R[0] = [0] R[1] = [30435620] R[2] = [2e363037]
Failed communication to Camera.
EVS Port1 66/1/TIM_APP 7: Image File '/ram/images/001_1_0060.jpg' Sent Successfully
EVS Port1 66/1/TIM_APP 7: TIM: Send Camera 1 File Command Received
EVS Port1 66/1/TIM_APP 8: Temps File '/ram/temps/001_t_00059.csv' Sent Successfully
EVS Port1 66/1/TIM_APP 8: TIM: Send Temps File Command Received
ADS1115: I2C Read Failure: Returned [-1]
ADS1115: I2C Read Failure: Returned [-1]
EVS Port1 66/1/VC0706_APP 10: Camera 1 stored as </ram/images/001_1_0063.jpg>
EVS Port1 66/1/VC0706_APP 10: Message sent to TIM from VC0706.
EVS Port1 66/1/ADS1115_APP 11: Temp File '001_t_00061.csv':{04EF, 7FFF, 7FFF, 7FFF, }
EVS Port1 66/1/ADS1115_APP 11: ADS1115 Message sent to TIM.
EVS Port1 66/1/VC0706_APP 9: Camera 0 unresponsive! R[0] = [0] R[1] = [30435620] R[2] = [2e363037]
Failed communication to Camera.
EVS Port1 66/1/TIM_APP 7: Image File '/ram/images/001_1_0061.jpg' Sent Successfully
EVS Port1 66/1/TIM_APP 7: TIM: Send Camera 1 File Command Received
EVS Port1 66/1/TIM_APP 7: TIM: Send Camera 1 File yeilding, Wait Count = [1]
EVS Port1 66/1/TIM_APP 8: Temps File '/ram/temps/001_t_00060.csv' Sent Successfully
EVS Port1 66/1/TIM_APP 8: TIM: Send Temps File Command Received
EVS Port1 66/1/VC0706_APP 10: Camera 1 stored as </ram/images/001_1_0064.jpg>
EVS Port1 66/1/VC0706_APP 10: Message sent to TIM from VC0706.
EVS Port1 66/1/ADS1115_APP 11: Temp File '001_t_00062.csv':{04EF, 7FFF, 7FFF, 7FFF, }
EVS Port1 66/1/ADS1115_APP 11: ADS1115 Message sent to TIM.
EVS Port1 66/1/VC0706_APP 9: Camera 0 unresponsive! R[0] = [0] R[1] = [30435620] R[2] = [2e363037]
Failed communication to Camera.
EVS Port1 66/1/TIM_APP 7: Image File '/ram/images/001_1_0063.jpg' Sent Successfully
EVS Port1 66/1/TIM_APP 7: TIM: Send Camera 1 File Command Received
EVS Port1 66/1/TIM_APP 8: Temps File '/ram/temps/001_t_00061.csv' Sent Successfully
EVS Port1 66/1/TIM_APP 8: TIM: Send Temps File Command Received
EVS Port1 66/1/VC0706_APP 10: Camera 1 stored as </ram/images/001_1_0065.jpg>
EVS Port1 66/1/VC0706_APP 10: Message sent to TIM from VC0706.
EVS Port1 66/1/VC0706_APP 9: Camera 0 unresponsive! R[0] = [0] R[1] = [30435620] R[2] = [2e363037]
Failed communication to Camera.
EVS Port1 66/1/ADS1115_APP 11: Temp File '001_t_00063.csv':{04EE, 7FFF, 7FFF, 7FFF, }
EVS Port1 66/1/ADS1115_APP 11: ADS1115 Message sent to TIM.
EVS Port1 66/1/VC0706_APP 9: Camera 1 unresponsive! R[0] = [67706a] R[1] = [0] R[2] = [0]
Camera did not resume
EVS Port1 66/1/VC0706_APP 10: Camera 1 stored as </ram/images/001_1_0066.jpg>
EVS Port1 66/1/VC0706_APP 10: Message sent to TIM from VC0706.
EVS Port1 66/1/TIM_APP 7: Image File '/ram/images/001_1_0064.jpg' Sent Successfully
EVS Port1 66/1/TIM_APP 7: TIM: Send Camera 1 File Command Received
EVS Port1 66/1/TIM_APP 8: Temps File '/ram/temps/001_t_00062.csv' Sent Successfully
EVS Port1 66/1/TIM_APP 8: TIM: Send Temps File Command Received
EVS Port1 66/1/VC0706_APP 9: Camera 0 unresponsive! R[0] = [76] R[1] = [0] R[2] = [36]
Failed communication to Camera.
EVS Port1 66/1/ADS1115_APP 11: Temp File '001_t_00064.csv':{04EE, 7FFF, 7FFF, 7FFF, }
EVS Port1 66/1/ADS1115_APP 11: ADS1115 Message sent to TIM.
EVS Port1 66/1/VC0706_APP 9: Camera 1 unresponsive! R[0] = [0] R[1] = [0] R[2] = [36]
Failed communication to Camera.
EVS Port1 66/1/VC0706_APP 9: Camera 0 unresponsive! R[0] = [0] R[1] = [ffffffff] R[2] = [656d6143]
Frame checkReply Failed
EVS Port1 66/1/VC0706_APP 10: Message sent to TIM from VC0706.
EVS Port1 66/1/VC0706_APP 9: Camera 1 unresponsive! R[0] = [6d6f7266] R[1] = [30435620] R[2] = [2e363037]
Failed communication to Camera.
EVS Port1 66/1/VC0706_APP 9: Camera 0 unresponsive! R[0] = [0] R[1] = [ffffffff] R[2] = [656d6143]
Frame checkReply Failed
EVS Port1 66/1/CFE_SB 17: Msg Limit Err,MsgId 0x188a,pipe TIM_CMD_PIPE,sender VC0706_APP.CAMERA_CONTROL
EVS Port1 66/1/VC0706_APP 10: Message sent to TIM from VC0706.
EVS Port1 66/1/VC0706_APP 9: Camera 1 unresponsive! R[0] = [0] R[1] = [ffffffff] R[2] = [1]
Frame checkReply Failed
EVS Port1 66/1/CFE_SB 17: Msg Limit Err,MsgId 0x188a,pipe TIM_CMD_PIPE,sender VC0706_APP.CAMERA_CONTROL
EVS Port1 66/1/VC0706_APP 10: Message sent to TIM from VC0706.
EVS Port1 66/1/VC0706_APP 9: Camera 0 unresponsive! R[0] = [76] R[1] = [0] R[2] = [36]
Failed communication to Camera.
EVS Port1 66/1/VC0706_APP 9: Camera 1 unresponsive! R[0] = [76] R[1] = [0] R[2] = [36]
Failed communication to Camera.
EVS Port1 66/1/ADS1115_APP 11: Temp File '001_t_00065.csv':{04EB, 7FFF, 7FFF, 7FFF, }
EVS Port1 66/1/CFE_SB 17: Msg Limit Err,MsgId 0x188a,pipe TIM_CMD_PIPE,sender ADS1115_APP.ADC_MONITOR
EVS Port1 66/1/ADS1115_APP 11: ADS1115 Message sent to TIM.
EVS Port1 66/1/TIM_APP 7: Image File '/ram/images/001_1_0065.jpg' Sent Successfully
EVS Port1 66/1/TIM_APP 7: TIM: Send Camera 1 File Command Received
EVS Port1 66/1/TIM_APP 8: Temps File '/ram/temps/001_t_00063.csv' Sent Successfully
EVS Port1 66/1/TIM_APP 8: TIM: Send Temps File Command Received
EVS Port1 66/1/VC0706_APP 9: Camera 0 unresponsive! R[0] = [0] R[1] = [76] R[2] = [0]
Failed communication to Camera.
EVS Port1 66/1/VC0706_APP 9: Camera 1 unresponsive! R[0] = [b] R[1] = [56] R[2] = [43]
Failed communication to Camera.
EVS Port1 66/1/VC0706_APP 9: Camera 0 unresponsive! R[0] = [30] R[1] = [33] R[2] = [20]
Failed communication to Camera.
EVS Port1 66/1/VC0706_APP 9: Camera 1 unresponsive! R[0] = [30] R[1] = [30] R[2] = [0]
Failed communication to Camera.
EVS Port1 66/1/VC0706_APP 9: Camera 0 unresponsive! R[0] = [c0] R[1] = [76] R[2] = [0]
Failed communication to Camera.
EVS Port1 66/1/VC0706_APP 9: Camera 1 unresponsive! R[0] = [b] R[1] = [56] R[2] = [43]
Failed communication to Camera.
EVS Port1 66/1/VC0706_APP 9: Camera 0 unresponsive! R[0] = [30] R[1] = [33] R[2] = [20]
Failed communication to Camera.
EVS Port1 66/1/VC0706_APP 9: Camera 1 unresponsive! R[0] = [30] R[1] = [30] R[2] = [0]
Failed communication to Camera.
EVS Port1 66/1/VC0706_APP 9: Camera 0 unresponsive! R[0] = [c0] R[1] = [76] R[2] = [0]
Failed communication to Camera.
EVS Port1 66/1/VC0706_APP 9: Camera 1 unresponsive! R[0] = [b] R[1] = [56] R[2] = [43]
Failed communication to Camera.
EVS Port1 66/1/VC0706_APP 9: Camera 0 unresponsive! R[0] = [30] R[1] = [33] R[2] = [20]
Failed communication to Camera.
EVS Port1 66/1/VC0706_APP 9: Camera 1 unresponsive! R[0] = [30] R[1] = [30] R[2] = [0]
Failed communication to Camera.
EVS Port1 66/1/VC0706_APP 9: Camera 0 unresponsive! R[0] = [c0] R[1] = [76] R[2] = [0]
Failed communication to Camera.
EVS Port1 66/1/VC0706_APP 9: Camera 1 unresponsive! R[0] = [b] R[1] = [56] R[2] = [43]
Failed communication to Camera.
EVS Port1 66/1/VC0706_APP 9: Camera 0 unresponsive! R[0] = [30] R[1] = [33] R[2] = [20]
Failed communication to Camera.
EVS Port1 66/1/VC0706_APP 9: Camera 1 unresponsive! R[0] = [30] R[1] = [30] R[2] = [0]
Failed communication to Camera.
EVS Port1 66/1/VC0706_APP 9: Camera 0 unresponsive! R[0] = [0] R[1] = [76] R[2] = [0]
Failed communication to Camera.
EVS Port1 66/1/VC0706_APP 9: Camera 1 unresponsive! R[0] = [b] R[1] = [56] R[2] = [43]
Failed communication to Camera.
EVS Port1 66/1/VC0706_APP 9: Camera 0 unresponsive! R[0] = [30] R[1] = [33] R[2] = [20]
Failed communication to Camera.
EVS Port1 66/1/VC0706_APP 9: Camera 1 unresponsive! R[0] = [30] R[1] = [30] R[2] = [0]
Failed communication to Camera.
EVS Port1 66/1/VC0706_APP 9: Camera 0 unresponsive! R[0] = [c0] R[1] = [76] R[2] = [0]
Failed communication to Camera.
EVS Port1 66/1/VC0706_APP 9: Camera 1 unresponsive! R[0] = [b] R[1] = [56] R[2] = [43]
Failed communication to Camera.
EVS Port1 66/1/VC0706_APP 9: Camera 0 unresponsive! R[0] = [30] R[1] = [33] R[2] = [20]
Failed communication to Camera.
EVS Port1 66/1/ADS1115_APP 11: Temp File '001_t_00066.csv':{04ED, 7FFF, 7FFF, 7FFF, }
EVS Port1 66/1/ADS1115_APP 11: ADS1115 Message sent to TIM.
EVS Port1 66/1/VC0706_APP 9: Camera 1 unresponsive! R[0] = [30] R[1] = [30] R[2] = [0]
Failed communication to Camera.
EVS Port1 66/1/VC0706_APP 9: Camera 0 unresponsive! R[0] = [c0] R[1] = [76] R[2] = [0]
Failed communication to Camera.
EVS Port1 66/1/VC0706_APP 9: Camera 1 unresponsive! R[0] = [b] R[1] = [56] R[2] = [43]
Failed communication to Camera.
EVS Port1 66/1/VC0706_APP 9: Camera 0 unresponsive! R[0] = [30] R[1] = [33] R[2] = [20]
Failed communication to Camera.
EVS Port1 66/1/VC0706_APP 9: Camera 1 unresponsive! R[0] = [30] R[1] = [30] R[2] = [0]
Failed communication to Camera.
EVS Port1 66/1/TIM_APP 7: Image File '/ram/images/001_1_0066.jpg' Sent Successfully
EVS Port1 66/1/TIM_APP 7: TIM: Send Camera 1 File Command Received
EVS Port1 66/1/TIM_APP 8: Temps File '/ram/temps/001_t_00064.csv' Sent Successfully
EVS Port1 66/1/TIM_APP 8: TIM: Send Temps File Command Received
TIM: OS_open Returned [-1] (expected non-negative value).
EVS Port1 66/1/TIM_APP 7: Image File '/ram/images/001_0_0067.jpg' Sent Successfully
EVS Port1 66/1/TIM_APP 7: TIM: Send Camera 0 File Command Received and Sent
EVS Port1 66/1/TIM_APP 8: Temps File '/ram/temps/001_t_00066.csv' Sent Successfully
EVS Port1 66/1/TIM_APP 8: TIM: Send Temps File Command Received
EVS Port1 66/1/VC0706_APP 9: Camera 0 unresponsive! R[0] = [0] R[1] = [76] R[2] = [0]
Failed communication to Camera.
EVS Port1 66/1/VC0706_APP 9: Camera 1 unresponsive! R[0] = [b] R[1] = [56] R[2] = [43]
Failed communication to Camera.
EVS Port1 66/1/VC0706_APP 9: Camera 0 unresponsive! R[0] = [30] R[1] = [33] R[2] = [20]
Failed communication to Camera.
EVS Port1 66/1/VC0706_APP 9: Camera 1 unresponsive! R[0] = [30] R[1] = [30] R[2] = [0]
Failed communication to Camera.
EVS Port1 66/1/VC0706_APP 9: Camera 0 unresponsive! R[0] = [0] R[1] = [11] R[2] = [0]
Failed communication to Camera.
EVS Port1 66/1/VC0706_APP 9: Camera 1 unresponsive! R[0] = [43] R[1] = [30] R[2] = [37]
Failed communication to Camera.
EVS Port1 66/1/VC0706_APP 9: Camera 0 unresponsive! R[0] = [20] R[1] = [31] R[2] = [2e]
Failed communication to Camera.
EVS Port1 66/1/VC0706_APP 9: Camera 1 unresponsive! R[0] = [80] R[1] = [c0] R[2] = [76]
Failed communication to Camera.
EVS Port1 66/1/VC0706_APP 9: Camera 0 unresponsive! R[0] = [0] R[1] = [b] R[2] = [56]
Failed communication to Camera.
EVS Port1 66/1/VC0706_APP 9: Camera 1 unresponsive! R[0] = [37] R[1] = [30] R[2] = [33]
Failed communication to Camera.
EVS Port1 66/1/VC0706_APP 9: Camera 0 unresponsive! R[0] = [2e] R[1] = [30] R[2] = [30]
Failed communication to Camera.
EVS Port1 66/1/ADS1115_APP 11: Temp File '001_t_00067.csv':{04F0, 7FFF, 7FFF, 7FFF, }
EVS Port1 66/1/TIM_APP 8: TIM: Send Temps File Wait Count Reached [1]
EVS Port1 66/1/ADS1115_APP 11: ADS1115 Message sent to TIM.
EVS Port1 66/1/VC0706_APP 10: Camera 1 stored as </ram/images/001_1_0070.jpg>
EVS Port1 66/1/TIM_APP 7: TIM: Send Camera 1 File Command Received but Serial Busy
EVS Port1 66/1/VC0706_APP 10: Message sent to TIM from VC0706.
EVS Port1 66/1/VC0706_APP 9: Camera 0 unresponsive! R[0] = [0] R[1] = [30435620] R[2] = [2e363037]
Failed communication to Camera.
EVS Port1 66/1/ADS1115_APP 11: Temp File '001_t_00068.csv':{04EF, 7FFF, 7FFF, 7FFF, }
EVS Port1 66/1/TIM_APP 8: TIM: Send Temps File Wait Count Reached [2]
EVS Port1 66/1/ADS1115_APP 11: ADS1115 Message sent to TIM.
EVS Port1 66/1/VC0706_APP 10: Camera 1 stored as </ram/images/001_1_0071.jpg>
EVS Port1 66/1/TIM_APP 7: TIM: Send Camera 1 File Command Received but Serial Busy
EVS Port1 66/1/VC0706_APP 10: Message sent to TIM from VC0706.
EVS Port1 66/1/VC0706_APP 9: Camera 0 unresponsive! R[0] = [0] R[1] = [30435620] R[2] = [2e363037]
Failed communication to Camera.
EVS Port1 66/1/ADS1115_APP 11: Temp File '001_t_00069.csv':{04F1, 7FFF, 7FFF, 7FFF, }
EVS Port1 66/1/TIM_APP 8: TIM: Send Temps File Wait Count Reached [3]
EVS Port1 66/1/ADS1115_APP 11: ADS1115 Message sent to TIM.
EVS Port1 66/1/VC0706_APP 10: Camera 1 stored as </ram/images/001_1_0072.jpg>
EVS Port1 66/1/TIM_APP 7: TIM: Send Camera 1 File Command Received but Serial Busy
EVS Port1 66/1/VC0706_APP 10: Message sent to TIM from VC0706.
EVS Port1 66/1/VC0706_APP 9: Camera 0 unresponsive! R[0] = [0] R[1] = [30435620] R[2] = [2e363037]
Failed communication to Camera.
EVS Port1 66/1/ADS1115_APP 11: Temp File '001_t_00070.csv':{04F0, 7FFF, 7FFF, 7FFF, }
EVS Port1 66/1/TIM_APP 8: TIM: Send Temps File Wait Count Reached [4]
EVS Port1 66/1/ADS1115_APP 11: ADS1115 Message sent to TIM.
EVS Port1 66/1/VC0706_APP 10: Camera 1 stored as </ram/images/001_1_0073.jpg>
EVS Port1 66/1/TIM_APP 7: TIM: Send Camera 1 File Command Received but Serial Busy
EVS Port1 66/1/VC0706_APP 10: Message sent to TIM from VC0706.
EVS Port1 66/1/VC0706_APP 9: Camera 0 unresponsive! R[0] = [0] R[1] = [30435620] R[2] = [2e363037]
Failed communication to Camera.
EVS Port1 66/1/VC0706_APP 10: Camera 1 stored as </ram/images/001_1_0074.jpg>
EVS Port1 66/1/TIM_APP 7: TIM: Send Camera 1 File Command Received but Serial Busy
EVS Port1 66/1/VC0706_APP 10: Message sent to TIM from VC0706.
EVS Port1 66/1/ADS1115_APP 11: Temp File '001_t_00071.csv':{04F0, 7FFF, 7FFF, 7FFF, }
EVS Port1 66/1/TIM_APP 8: TIM: Reached Temp Wait Limit But Serial Busy
EVS Port1 66/1/ADS1115_APP 11: ADS1115 Message sent to TIM.
EVS Port1 66/1/VC0706_APP 9: Camera 0 unresponsive! R[0] = [0] R[1] = [30435620] R[2] = [2e363037]
Failed communication to Camera.
EVS Port1 66/1/CFE_EVS 9: Log File '/ram/logs/CFS_Boot.out' Sent Successfully
TIM_APP: leaving cFS
EVS Port1 66/1/VC0706_APP 10: Camera 1 stored as </ram/images/001_1_0075.jpg>
EVS Port1 66/1/TIM_APP 7: TIM: Send Camera 1 File Command Received but Serial Busy
EVS Port1 66/1/VC0706_APP 10: Message sent to TIM from VC0706.
EVS Port1 66/1/ADS1115_APP 11: Temp File '001_t_00072.csv':{04EF, 7FFF, 7FFF, 7FFF, }
EVS Port1 66/1/TIM_APP 8: TIM: Reached Temp Wait Limit But Serial Busy
EVS Port1 66/1/ADS1115_APP 11: ADS1115 Message sent to TIM.
EVS Port1 66/1/VC0706_APP 9: Camera 0 unresponsive! R[0] = [0] R[1] = [30435620] R[2] = [2e363037]
Failed communication to Camera.
EVS Port1 66/1/TIM_APP 11: TE-1 UPDATE: New Value
EVS Port1 66/1/TIM_APP 11: TE-1 UPDATE: TE-1 Set
EVS Port1 66/1/VC0706_APP 10: Camera 1 stored as </ram/images/001_1_0076.jpg>
EVS Port1 66/1/TIM_APP 7: TIM: Send Camera 1 File Command Received but Serial Busy
EVS Port1 66/1/VC0706_APP 10: Message sent to TIM from VC0706.
EVS Port1 66/1/ADS1115_APP 11: Temp File '001_t_00073.csv':{04F1, 7FFF, 7FFF, 7FFF, }
EVS Port1 66/1/TIM_APP 8: TIM: Reached Temp Wait Limit But Serial Busy
EVS Port1 66/1/ADS1115_APP 11: ADS1115 Message sent to TIM.
EVS Port1 66/1/VC0706_APP 9: Camera 0 unresponsive! R[0] = [0] R[1] = [30435620] R[2] = [2e363037]
Failed communication to Camera.
EVS Port1 66/1/VC0706_APP 10: Camera 1 stored as </ram/images/001_1_0077.jpg>
EVS Port1 66/1/TIM_APP 7: TIM: Send Camera 1 File Command Received but Serial Busy
EVS Port1 66/1/VC0706_APP 10: Message sent to TIM from VC0706.
EVS Port1 66/1/ADS1115_APP 11: Temp File '001_t_00074.csv':{04EF, 7FFF, 7FFF, 7FFF, }
EVS Port1 66/1/TIM_APP 8: TIM: Reached Temp Wait Limit But Serial Busy
EVS Port1 66/1/ADS1115_APP 11: ADS1115 Message sent to TIM.
EVS Port1 66/1/VC0706_APP 9: Camera 0 unresponsive! R[0] = [0] R[1] = [30435620] R[2] = [2e363037]
Failed communication to Camera.
EVS Port1 66/1/VC0706_APP 10: Camera 1 stored as </ram/images/001_1_0078.jpg>
EVS Port1 66/1/TIM_APP 7: TIM: Send Camera 1 File Command Received but Serial Busy
EVS Port1 66/1/VC0706_APP 10: Message sent to TIM from VC0706.
EVS Port1 66/1/VC0706_APP 9: Camera 0 unresponsive! R[0] = [0] R[1] = [30435620] R[2] = [2e363037]
Failed communication to Camera.
EVS Port1 66/1/ADS1115_APP 11: Temp File '001_t_00075.csv':{04EF, 7FFF, 7FFF, 7FFF, }
EVS Port1 66/1/TIM_APP 8: TIM: Reached Temp Wait Limit But Serial Busy
EVS Port1 66/1/ADS1115_APP 11: ADS1115 Message sent to TIM.
EVS Port1 66/1/VC0706_APP 10: Camera 1 stored as </ram/images/001_1_0079.jpg>
EVS Port1 66/1/TIM_APP 7: TIM: Send Camera 1 File Command Received but Serial Busy
EVS Port1 66/1/VC0706_APP 10: Message sent to TIM from VC0706.
EVS Port1 66/1/VC0706_APP 9: Camera 0 unresponsive! R[0] = [0] R[1] = [30435620] R[2] = [2e363037]
Failed communication to Camera.
EVS Port1 66/1/ADS1115_APP 11: Temp File '001_t_00076.csv':{04F0, 7FFF, 7FFF, 7FFF, }
EVS Port1 66/1/TIM_APP 8: TIM: Reached Temp Wait Limit But Serial Busy
EVS Port1 66/1/ADS1115_APP 11: ADS1115 Message sent to TIM.
EVS Port1 66/1/VC0706_APP 10: Camera 1 stored as </ram/images/001_1_0080.jpg>
EVS Port1 66/1/TIM_APP 7: TIM: Send Camera 1 File Command Received but Serial Busy
EVS Port1 66/1/VC0706_APP 10: Message sent to TIM from VC0706.
EVS Port1 66/1/VC0706_APP 9: Camera 0 unresponsive! R[0] = [0] R[1] = [30435620] R[2] = [2e363037]
Failed communication to Camera.
EVS Port1 66/1/ADS1115_APP 11: Temp File '001_t_00077.csv':{04EF, 7FFF, 7FFF, 7FFF, }
EVS Port1 66/1/TIM_APP 8: TIM: Reached Temp Wait Limit But Serial Busy
EVS Port1 66/1/ADS1115_APP 11: ADS1115 Message sent to TIM.
EVS Port1 66/1/CFE_EVS 9: Log File '/ram/logs/CFS_Boot.out' Sent Successfully
TIM_APP: leaving cFS
EVS Port1 66/1/VC0706_APP 10: Camera 1 stored as </ram/images/001_1_0081.jpg>
EVS Port1 66/1/TIM_APP 7: TIM: Send Camera 1 File Command Received but Serial Busy
EVS Port1 66/1/VC0706_APP 10: Message sent to TIM from VC0706.
EVS Port1 66/1/VC0706_APP 9: Camera 0 unresponsive! R[0] = [0] R[1] = [30435620] R[2] = [2e363037]
Failed communication to Camera.
EVS Port1 66/1/ADS1115_APP 11: Temp File '001_t_00078.csv':{04ED, 7FFF, 7FFF, 7FFF, }
EVS Port1 66/1/TIM_APP 8: TIM: Reached Temp Wait Limit But Serial Busy
EVS Port1 66/1/ADS1115_APP 11: ADS1115 Message sent to TIM.
EVS Port1 66/1/VC0706_APP 10: Camera 1 stored as </ram/images/001_1_0082.jpg>
EVS Port1 66/1/TIM_APP 7: TIM: Send Camera 1 File Command Received but Serial Busy
EVS Port1 66/1/VC0706_APP 10: Message sent to TIM from VC0706.
EVS Port1 66/1/VC0706_APP 9: Camera 0 unresponsive! R[0] = [0] R[1] = [30435620] R[2] = [2e363037]
Failed communication to Camera.
EVS Port1 66/1/ADS1115_APP 11: Temp File '001_t_00079.csv':{04EC, 7FFF, 7FFF, 7FFF, }
EVS Port1 66/1/TIM_APP 8: TIM: Reached Temp Wait Limit But Serial Busy
EVS Port1 66/1/ADS1115_APP 11: ADS1115 Message sent to TIM.
EVS Port1 66/1/VC0706_APP 10: Camera 1 stored as </ram/images/001_1_0083.jpg>
EVS Port1 66/1/TIM_APP 7: TIM: Send Camera 1 File Command Received but Serial Busy
EVS Port1 66/1/VC0706_APP 10: Message sent to TIM from VC0706.
EVS Port1 66/1/VC0706_APP 9: Camera 0 unresponsive! R[0] = [0] R[1] = [30435620] R[2] = [2e363037]
Failed communication to Camera.
EVS Port1 66/1/ADS1115_APP 11: Temp File '001_t_00080.csv':{04EF, 7FFF, 7FFF, 7FFF, }
EVS Port1 66/1/TIM_APP 8: TIM: Reached Temp Wait Limit But Serial Busy
EVS Port1 66/1/ADS1115_APP 11: ADS1115 Mes