
Usage:
 wall [options] [<file>]

Options:
 -n, --nobanner          do not print banner, works only for root
 -t, --timeout <timeout> write timeout in seconds
 -V, --version           output version information and exit
 -h, --help              display this help and exit


Usage:
 wall [options] [<file>]

Options:
 -n, --nobanner          do not print banner, works only for root
 -t, --timeout <timeout> write timeout in seconds
 -V, --version           output version information and exit
 -h, --help              display this help and exit


Usage:
 wall [options] [<file>]

Options:
 -n, --nobanner          do not print banner, works only for root
 -t, --timeout <timeout> write timeout in seconds
 -V, --version           output version information and exit
 -h, --help              display this help and exit

